2014-12-23 20:48:44,297 INFO [org.mortbay.log]-2014-12-23 20:48:44,297 method:org.mortbay.log.Slf4jLog.info(Slf4jLog.java:67) - Logging to org.slf4j.impl.Log4jLoggerAdapter(org.mortbay.log) via org.mortbay.log.Slf4jLog
2014-12-23 20:48:44,338 INFO [org.mortbay.log]-2014-12-23 20:48:44,338 method:org.mortbay.log.Slf4jLog.info(Slf4jLog.java:67) - jetty-6.1.26
2014-12-23 20:48:44,942 INFO [/ddxq]-2014-12-23 20:48:44,942 method:org.mortbay.log.Slf4jLog.info(Slf4jLog.java:67) - Set web app root system property: 'webapp.qxf' = [/Users/xjli/workspace-new/ddxq/src/main/webapp]
2014-12-23 20:48:44,944 INFO [/ddxq]-2014-12-23 20:48:44,944 method:org.mortbay.log.Slf4jLog.info(Slf4jLog.java:67) - Initializing log4j from [classpath:log4j.properties]
2014-12-23 20:48:44,949 INFO [/ddxq]-2014-12-23 20:48:44,949 method:org.mortbay.log.Slf4jLog.info(Slf4jLog.java:67) - Initializing Spring root WebApplicationContext
2014-12-23 20:48:46,255 INFO [/ddxq]-2014-12-23 20:48:46,255 method:org.mortbay.log.Slf4jLog.info(Slf4jLog.java:67) - Set web app root system property: 'webapp.qxf' = [/Users/xjli/workspace-new/ddxq/src/main/webapp]
2014-12-23 20:48:46,302 INFO [org.mortbay.log]-2014-12-23 20:48:46,302 method:org.mortbay.log.Slf4jLog.info(Slf4jLog.java:67) - Started SocketConnector@0.0.0.0:8087
2014-12-23 20:48:49,386 INFO [org.mortbay.log]-2014-12-23 20:48:49,386 method:org.mortbay.log.Slf4jLog.info(Slf4jLog.java:67) - Stopped SocketConnector@0.0.0.0:8087
2014-12-23 20:48:49,389 INFO [/ddxq]-2014-12-23 20:48:49,389 method:org.mortbay.log.Slf4jLog.info(Slf4jLog.java:67) - Closing Spring root WebApplicationContext
2014-12-23 20:48:49,396 INFO [/ddxq]-2014-12-23 20:48:49,396 method:org.mortbay.log.Slf4jLog.info(Slf4jLog.java:67) - Shutting down log4j
2014-12-24 13:25:44,500 INFO [org.mortbay.log]-2014-12-24 13:25:44,500 method:org.mortbay.log.Slf4jLog.info(Slf4jLog.java:67) - Logging to org.slf4j.impl.Log4jLoggerAdapter(org.mortbay.log) via org.mortbay.log.Slf4jLog
2014-12-24 13:25:44,548 INFO [org.mortbay.log]-2014-12-24 13:25:44,548 method:org.mortbay.log.Slf4jLog.info(Slf4jLog.java:67) - jetty-6.1.26
2014-12-24 13:25:45,219 INFO [/ddxq]-2014-12-24 13:25:45,219 method:org.mortbay.log.Slf4jLog.info(Slf4jLog.java:67) - Set web app root system property: 'webapp.qxf' = [/Users/xjli/workspace-new/ddxq/src/main/webapp]
2014-12-24 13:25:45,221 INFO [/ddxq]-2014-12-24 13:25:45,221 method:org.mortbay.log.Slf4jLog.info(Slf4jLog.java:67) - Initializing log4j from [classpath:log4j.properties]
2014-12-24 13:25:45,226 INFO [/ddxq]-2014-12-24 13:25:45,226 method:org.mortbay.log.Slf4jLog.info(Slf4jLog.java:67) - Initializing Spring root WebApplicationContext
2014-12-24 13:25:46,593 INFO [/ddxq]-2014-12-24 13:25:46,593 method:org.mortbay.log.Slf4jLog.info(Slf4jLog.java:67) - Set web app root system property: 'webapp.qxf' = [/Users/xjli/workspace-new/ddxq/src/main/webapp]
2014-12-24 13:25:46,645 WARN [org.mortbay.log]-2014-12-24 13:25:46,645 method:org.mortbay.log.Slf4jLog.warn(Slf4jLog.java:76) - failed SocketConnector@0.0.0.0:8087: java.net.BindException: Address already in use
2014-12-24 13:25:46,645 WARN [org.mortbay.log]-2014-12-24 13:25:46,645 method:org.mortbay.log.Slf4jLog.warn(Slf4jLog.java:76) - failed Server@ce63294: java.net.BindException: Address already in use
2014-12-24 13:25:58,853 INFO [org.mortbay.log]-2014-12-24 13:25:58,853 method:org.mortbay.log.Slf4jLog.info(Slf4jLog.java:67) - Logging to org.slf4j.impl.Log4jLoggerAdapter(org.mortbay.log) via org.mortbay.log.Slf4jLog
2014-12-24 13:25:58,898 INFO [org.mortbay.log]-2014-12-24 13:25:58,898 method:org.mortbay.log.Slf4jLog.info(Slf4jLog.java:67) - jetty-6.1.26
2014-12-24 13:25:59,511 INFO [/ddxq]-2014-12-24 13:25:59,511 method:org.mortbay.log.Slf4jLog.info(Slf4jLog.java:67) - Set web app root system property: 'webapp.qxf' = [/Users/xjli/workspace-new/ddxq/src/main/webapp]
2014-12-24 13:25:59,513 INFO [/ddxq]-2014-12-24 13:25:59,513 method:org.mortbay.log.Slf4jLog.info(Slf4jLog.java:67) - Initializing log4j from [classpath:log4j.properties]
2014-12-24 13:25:59,517 INFO [/ddxq]-2014-12-24 13:25:59,517 method:org.mortbay.log.Slf4jLog.info(Slf4jLog.java:67) - Initializing Spring root WebApplicationContext
2014-12-24 13:26:00,758 INFO [/ddxq]-2014-12-24 13:26:00,758 method:org.mortbay.log.Slf4jLog.info(Slf4jLog.java:67) - Set web app root system property: 'webapp.qxf' = [/Users/xjli/workspace-new/ddxq/src/main/webapp]
2014-12-24 13:26:00,804 INFO [org.mortbay.log]-2014-12-24 13:26:00,804 method:org.mortbay.log.Slf4jLog.info(Slf4jLog.java:67) - Started SocketConnector@0.0.0.0:8087
2014-12-24 13:26:17,500 INFO [org.mortbay.log]-2014-12-24 13:26:17,500 method:org.mortbay.log.Slf4jLog.info(Slf4jLog.java:67) - Stopped SocketConnector@0.0.0.0:8087
2014-12-24 13:26:17,503 INFO [/ddxq]-2014-12-24 13:26:17,503 method:org.mortbay.log.Slf4jLog.info(Slf4jLog.java:67) - Closing Spring root WebApplicationContext
2014-12-24 13:26:17,511 INFO [/ddxq]-2014-12-24 13:26:17,511 method:org.mortbay.log.Slf4jLog.info(Slf4jLog.java:67) - Shutting down log4j
2014-12-24 23:30:36,252 INFO [org.mortbay.log]-2014-12-24 23:30:36,252 method:org.mortbay.log.Slf4jLog.info(Slf4jLog.java:67) - Logging to org.slf4j.impl.Log4jLoggerAdapter(org.mortbay.log) via org.mortbay.log.Slf4jLog
2014-12-24 23:30:36,295 INFO [org.mortbay.log]-2014-12-24 23:30:36,295 method:org.mortbay.log.Slf4jLog.info(Slf4jLog.java:67) - jetty-6.1.26
2014-12-24 23:30:36,968 INFO [/ddxq]-2014-12-24 23:30:36,968 method:org.mortbay.log.Slf4jLog.info(Slf4jLog.java:67) - Set web app root system property: 'webapp.ddxq' = [/Users/xjli/workspace-new/ddxq/src/main/webapp]
2014-12-24 23:30:36,970 INFO [/ddxq]-2014-12-24 23:30:36,970 method:org.mortbay.log.Slf4jLog.info(Slf4jLog.java:67) - Initializing log4j from [classpath:log4j.properties]
2014-12-24 23:30:36,975 INFO [/ddxq]-2014-12-24 23:30:36,975 method:org.mortbay.log.Slf4jLog.info(Slf4jLog.java:67) - Initializing Spring root WebApplicationContext
2014-12-24 23:30:39,071 INFO [/ddxq]-2014-12-24 23:30:39,071 method:org.mortbay.log.Slf4jLog.info(Slf4jLog.java:67) - Set web app root system property: 'webapp.ddxq' = [/Users/xjli/workspace-new/ddxq/src/main/webapp]
2014-12-24 23:30:39,132 INFO [org.mortbay.log]-2014-12-24 23:30:39,132 method:org.mortbay.log.Slf4jLog.info(Slf4jLog.java:67) - Started SocketConnector@0.0.0.0:8087
2014-12-25 09:19:55,950 INFO [org.mortbay.log]-2014-12-25 09:19:55,950 method:org.mortbay.log.Slf4jLog.info(Slf4jLog.java:67) - Stopped SocketConnector@0.0.0.0:8087
2014-12-25 09:19:55,971 INFO [/ddxq]-2014-12-25 09:19:55,971 method:org.mortbay.log.Slf4jLog.info(Slf4jLog.java:67) - Closing Spring root WebApplicationContext
2014-12-26 20:16:29,433 INFO [org.mortbay.log]-2014-12-26 20:16:29,433 method:org.mortbay.log.Slf4jLog.info(Slf4jLog.java:67) - Logging to org.slf4j.impl.Log4jLoggerAdapter(org.mortbay.log) via org.mortbay.log.Slf4jLog
2014-12-26 20:16:29,493 INFO [org.mortbay.log]-2014-12-26 20:16:29,493 method:org.mortbay.log.Slf4jLog.info(Slf4jLog.java:67) - jetty-6.1.26
2014-12-26 20:16:30,221 INFO [/ddxq]-2014-12-26 20:16:30,221 method:org.mortbay.log.Slf4jLog.info(Slf4jLog.java:67) - Set web app root system property: 'webapp.ddxq' = [/Users/xjli/workspace-new/ddxq/src/main/webapp]
2014-12-26 20:16:30,223 INFO [/ddxq]-2014-12-26 20:16:30,223 method:org.mortbay.log.Slf4jLog.info(Slf4jLog.java:67) - Initializing log4j from [classpath:log4j.properties]
2014-12-26 20:16:30,227 INFO [/ddxq]-2014-12-26 20:16:30,227 method:org.mortbay.log.Slf4jLog.info(Slf4jLog.java:67) - Initializing Spring root WebApplicationContext
2014-12-26 20:17:27,495 INFO [/ddxq]-2014-12-26 20:17:27,495 method:org.mortbay.log.Slf4jLog.info(Slf4jLog.java:67) - Set web app root system property: 'webapp.ddxq' = [/Users/xjli/workspace-new/ddxq/src/main/webapp]
2014-12-26 20:17:27,555 INFO [org.mortbay.log]-2014-12-26 20:17:27,555 method:org.mortbay.log.Slf4jLog.info(Slf4jLog.java:67) - Started SocketConnector@0.0.0.0:8087
2014-12-26 20:20:29,354 INFO [/ddxq]-2014-12-26 20:20:29,354 method:org.mortbay.log.Slf4jLog.info(Slf4jLog.java:67) - Initializing Spring FrameworkServlet 'Spring-Dispatcher'
2014-12-26 20:20:29,909 ERROR [org.mortbay.log]-2014-12-26 20:20:29,909 method:org.mortbay.log.Slf4jLog.warn(Slf4jLog.java:87) - Error for /ddxq/bind/input.shtml
java.lang.NoClassDefFoundError: org/apache/commons/fileupload/FileItemFactory
	at java.lang.Class.getDeclaredConstructors0(Native Method)
	at java.lang.Class.privateGetDeclaredConstructors(Class.java:2493)
	at java.lang.Class.getDeclaredConstructors(Class.java:1901)
	at org.springframework.beans.factory.annotation.AutowiredAnnotationBeanPostProcessor.determineCandidateConstructors(AutowiredAnnotationBeanPostProcessor.java:234)
	at org.springframework.beans.factory.support.AbstractAutowireCapableBeanFactory.determineConstructorsFromBeanPostProcessors(AbstractAutowireCapableBeanFactory.java:1040)
	at org.springframework.beans.factory.support.AbstractAutowireCapableBeanFactory.createBeanInstance(AbstractAutowireCapableBeanFactory.java:1013)
	at org.springframework.beans.factory.support.AbstractAutowireCapableBeanFactory.doCreateBean(AbstractAutowireCapableBeanFactory.java:504)
	at org.springframework.beans.factory.support.AbstractAutowireCapableBeanFactory.createBean(AbstractAutowireCapableBeanFactory.java:475)
	at org.springframework.beans.factory.support.AbstractBeanFactory$1.getObject(AbstractBeanFactory.java:304)
	at org.springframework.beans.factory.support.DefaultSingletonBeanRegistry.getSingleton(DefaultSingletonBeanRegistry.java:228)
	at org.springframework.beans.factory.support.AbstractBeanFactory.doGetBean(AbstractBeanFactory.java:300)
	at org.springframework.beans.factory.support.AbstractBeanFactory.getBean(AbstractBeanFactory.java:195)
	at org.springframework.beans.factory.support.DefaultListableBeanFactory.preInstantiateSingletons(DefaultListableBeanFactory.java:703)
	at org.springframework.context.support.AbstractApplicationContext.finishBeanFactoryInitialization(AbstractApplicationContext.java:760)
	at org.springframework.context.support.AbstractApplicationContext.refresh(AbstractApplicationContext.java:482)
	at org.springframework.web.servlet.FrameworkServlet.configureAndRefreshWebApplicationContext(FrameworkServlet.java:658)
	at org.springframework.web.servlet.FrameworkServlet.createWebApplicationContext(FrameworkServlet.java:624)
	at org.springframework.web.servlet.FrameworkServlet.createWebApplicationContext(FrameworkServlet.java:672)
	at org.springframework.web.servlet.FrameworkServlet.initWebApplicationContext(FrameworkServlet.java:543)
	at org.springframework.web.servlet.FrameworkServlet.initServletBean(FrameworkServlet.java:484)
	at org.springframework.web.servlet.HttpServletBean.init(HttpServletBean.java:136)
	at javax.servlet.GenericServlet.init(GenericServlet.java:241)
	at org.mortbay.jetty.servlet.ServletHolder.initServlet(ServletHolder.java:440)
	at org.mortbay.jetty.servlet.ServletHolder.getServlet(ServletHolder.java:339)
	at org.mortbay.jetty.servlet.ServletHolder.handle(ServletHolder.java:487)
	at org.mortbay.jetty.servlet.ServletHandler$CachedChain.doFilter(ServletHandler.java:1221)
	at org.springframework.web.filter.CharacterEncodingFilter.doFilterInternal(CharacterEncodingFilter.java:88)
	at org.springframework.web.filter.OncePerRequestFilter.doFilter(OncePerRequestFilter.java:107)
	at org.mortbay.jetty.servlet.ServletHandler$CachedChain.doFilter(ServletHandler.java:1212)
	at org.mortbay.jetty.servlet.ServletHandler.handle(ServletHandler.java:399)
	at org.mortbay.jetty.security.SecurityHandler.handle(SecurityHandler.java:216)
	at org.mortbay.jetty.servlet.SessionHandler.handle(SessionHandler.java:182)
	at org.mortbay.jetty.handler.ContextHandler.handle(ContextHandler.java:766)
	at org.mortbay.jetty.webapp.WebAppContext.handle(WebAppContext.java:450)
	at org.mortbay.jetty.handler.HandlerWrapper.handle(HandlerWrapper.java:152)
	at org.mortbay.jetty.Server.handle(Server.java:326)
	at org.mortbay.jetty.HttpConnection.handleRequest(HttpConnection.java:542)
	at org.mortbay.jetty.HttpConnection$RequestHandler.headerComplete(HttpConnection.java:928)
	at org.mortbay.jetty.HttpParser.parseNext(HttpParser.java:549)
	at org.mortbay.jetty.HttpParser.parseAvailable(HttpParser.java:212)
	at org.mortbay.jetty.HttpConnection.handle(HttpConnection.java:404)
	at org.mortbay.jetty.bio.SocketConnector$Connection.run(SocketConnector.java:228)
	at org.mortbay.thread.QueuedThreadPool$PoolThread.run(QueuedThreadPool.java:582)
Caused by: java.lang.ClassNotFoundException: org.apache.commons.fileupload.FileItemFactory
	at java.net.URLClassLoader$1.run(URLClassLoader.java:366)
	at java.net.URLClassLoader$1.run(URLClassLoader.java:355)
	at java.security.AccessController.doPrivileged(Native Method)
	at java.net.URLClassLoader.findClass(URLClassLoader.java:354)
	at java.lang.ClassLoader.loadClass(ClassLoader.java:425)
	at sun.misc.Launcher$AppClassLoader.loadClass(Launcher.java:308)
	at java.lang.ClassLoader.loadClass(ClassLoader.java:358)
	... 43 more
2014-12-26 20:31:29,249 INFO [org.mortbay.log]-2014-12-26 20:31:29,249 method:org.mortbay.log.Slf4jLog.info(Slf4jLog.java:67) - Stopped SocketConnector@0.0.0.0:8087
2014-12-26 20:31:29,249 INFO [/ddxq]-2014-12-26 20:31:29,249 method:org.mortbay.log.Slf4jLog.info(Slf4jLog.java:67) - Destroying Spring FrameworkServlet 'Spring-Dispatcher'
2014-12-26 20:31:29,254 INFO [/ddxq]-2014-12-26 20:31:29,254 method:org.mortbay.log.Slf4jLog.info(Slf4jLog.java:67) - Closing Spring root WebApplicationContext
2014-12-26 20:31:29,262 INFO [/ddxq]-2014-12-26 20:31:29,262 method:org.mortbay.log.Slf4jLog.info(Slf4jLog.java:67) - Shutting down log4j
2014-12-27 21:08:48,396 INFO [org.mortbay.log]-2014-12-27 21:08:48,396 method:org.mortbay.log.Slf4jLog.info(Slf4jLog.java:67) - Logging to org.slf4j.impl.Log4jLoggerAdapter(org.mortbay.log) via org.mortbay.log.Slf4jLog
2014-12-27 21:08:48,442 INFO [org.mortbay.log]-2014-12-27 21:08:48,442 method:org.mortbay.log.Slf4jLog.info(Slf4jLog.java:67) - jetty-6.1.26
2014-12-27 21:08:49,130 INFO [/ddxq]-2014-12-27 21:08:49,130 method:org.mortbay.log.Slf4jLog.info(Slf4jLog.java:67) - Set web app root system property: 'webapp.ddxq' = [/Users/xjli/workspace-new/ddxq/src/main/webapp]
2014-12-27 21:08:49,132 INFO [/ddxq]-2014-12-27 21:08:49,132 method:org.mortbay.log.Slf4jLog.info(Slf4jLog.java:67) - Initializing log4j from [classpath:log4j.properties]
2014-12-27 21:08:49,137 INFO [/ddxq]-2014-12-27 21:08:49,137 method:org.mortbay.log.Slf4jLog.info(Slf4jLog.java:67) - Initializing Spring root WebApplicationContext
2014-12-27 21:08:51,282 INFO [/ddxq]-2014-12-27 21:08:51,282 method:org.mortbay.log.Slf4jLog.info(Slf4jLog.java:67) - Set web app root system property: 'webapp.ddxq' = [/Users/xjli/workspace-new/ddxq/src/main/webapp]
2014-12-27 21:08:51,335 INFO [org.mortbay.log]-2014-12-27 21:08:51,335 method:org.mortbay.log.Slf4jLog.info(Slf4jLog.java:67) - Started SocketConnector@0.0.0.0:8087
2014-12-27 21:08:58,999 INFO [/ddxq]-2014-12-27 21:08:58,999 method:org.mortbay.log.Slf4jLog.info(Slf4jLog.java:67) - Initializing Spring FrameworkServlet 'Spring-Dispatcher'
2014-12-27 21:10:13,971 INFO [org.mortbay.log]-2014-12-27 21:10:13,971 method:org.mortbay.log.Slf4jLog.info(Slf4jLog.java:67) - Logging to org.slf4j.impl.Log4jLoggerAdapter(org.mortbay.log) via org.mortbay.log.Slf4jLog
2014-12-27 21:10:14,015 INFO [org.mortbay.log]-2014-12-27 21:10:14,015 method:org.mortbay.log.Slf4jLog.info(Slf4jLog.java:67) - jetty-6.1.26
2014-12-27 21:10:14,693 INFO [/ddxq]-2014-12-27 21:10:14,693 method:org.mortbay.log.Slf4jLog.info(Slf4jLog.java:67) - Set web app root system property: 'webapp.ddxq' = [/Users/xjli/workspace-new/ddxq/src/main/webapp]
2014-12-27 21:10:14,695 INFO [/ddxq]-2014-12-27 21:10:14,695 method:org.mortbay.log.Slf4jLog.info(Slf4jLog.java:67) - Initializing log4j from [classpath:log4j.properties]
2014-12-27 21:10:14,700 INFO [/ddxq]-2014-12-27 21:10:14,700 method:org.mortbay.log.Slf4jLog.info(Slf4jLog.java:67) - Initializing Spring root WebApplicationContext
2014-12-27 21:10:17,146 INFO [/ddxq]-2014-12-27 21:10:17,146 method:org.mortbay.log.Slf4jLog.info(Slf4jLog.java:67) - Set web app root system property: 'webapp.ddxq' = [/Users/xjli/workspace-new/ddxq/src/main/webapp]
2014-12-27 21:10:17,195 INFO [org.mortbay.log]-2014-12-27 21:10:17,195 method:org.mortbay.log.Slf4jLog.info(Slf4jLog.java:67) - Started SocketConnector@0.0.0.0:8087
2014-12-27 21:10:43,682 INFO [/ddxq]-2014-12-27 21:10:43,682 method:org.mortbay.log.Slf4jLog.info(Slf4jLog.java:67) - Initializing Spring FrameworkServlet 'Spring-Dispatcher'
2015-01-13 19:34:40,628 INFO [org.mortbay.log]-2015-01-13 19:34:40,628 method:org.mortbay.log.Slf4jLog.info(Slf4jLog.java:67) - Logging to org.slf4j.impl.Log4jLoggerAdapter(org.mortbay.log) via org.mortbay.log.Slf4jLog
2015-01-13 19:34:40,683 INFO [org.mortbay.log]-2015-01-13 19:34:40,683 method:org.mortbay.log.Slf4jLog.info(Slf4jLog.java:67) - jetty-6.1.26
2015-01-13 19:34:41,483 INFO [/ddxq]-2015-01-13 19:34:41,483 method:org.mortbay.log.Slf4jLog.info(Slf4jLog.java:67) - Set web app root system property: 'webapp.ddxq' = [/Users/sfdeng/Documents/dengsf/ddxq/src/main/webapp]
2015-01-13 19:34:41,486 INFO [/ddxq]-2015-01-13 19:34:41,486 method:org.mortbay.log.Slf4jLog.info(Slf4jLog.java:67) - Initializing log4j from [classpath:log4j.properties]
2015-01-13 19:34:41,490 INFO [/ddxq]-2015-01-13 19:34:41,490 method:org.mortbay.log.Slf4jLog.info(Slf4jLog.java:67) - Initializing Spring root WebApplicationContext
2015-01-13 19:34:43,580 INFO [/ddxq]-2015-01-13 19:34:43,580 method:org.mortbay.log.Slf4jLog.info(Slf4jLog.java:67) - Set web app root system property: 'webapp.ddxq' = [/Users/sfdeng/Documents/dengsf/ddxq/src/main/webapp]
2015-01-13 19:34:43,641 INFO [org.mortbay.log]-2015-01-13 19:34:43,641 method:org.mortbay.log.Slf4jLog.info(Slf4jLog.java:67) - Started SocketConnector@0.0.0.0:8087
2015-01-13 19:34:50,574 INFO [/ddxq]-2015-01-13 19:34:50,574 method:org.mortbay.log.Slf4jLog.info(Slf4jLog.java:67) - Initializing Spring FrameworkServlet 'Spring-Dispatcher'
2015-01-15 12:44:43,773 INFO [org.mortbay.log]-2015-01-15 12:44:43,773 method:org.mortbay.log.Slf4jLog.info(Slf4jLog.java:67) - Logging to org.slf4j.impl.Log4jLoggerAdapter(org.mortbay.log) via org.mortbay.log.Slf4jLog
2015-01-15 12:44:43,840 INFO [org.mortbay.log]-2015-01-15 12:44:43,840 method:org.mortbay.log.Slf4jLog.info(Slf4jLog.java:67) - jetty-6.1.26
2015-01-15 12:44:44,640 INFO [/ddxq]-2015-01-15 12:44:44,640 method:org.mortbay.log.Slf4jLog.info(Slf4jLog.java:67) - Set web app root system property: 'webapp.ddxq' = [/Users/sfdeng/Documents/dengsf/ddxq/src/main/webapp]
2015-01-15 12:44:44,644 INFO [/ddxq]-2015-01-15 12:44:44,644 method:org.mortbay.log.Slf4jLog.info(Slf4jLog.java:67) - Initializing log4j from [classpath:log4j.properties]
2015-01-15 12:44:44,650 INFO [/ddxq]-2015-01-15 12:44:44,650 method:org.mortbay.log.Slf4jLog.info(Slf4jLog.java:67) - Initializing Spring root WebApplicationContext
2015-01-15 12:44:46,895 INFO [/ddxq]-2015-01-15 12:44:46,895 method:org.mortbay.log.Slf4jLog.info(Slf4jLog.java:67) - Set web app root system property: 'webapp.ddxq' = [/Users/sfdeng/Documents/dengsf/ddxq/src/main/webapp]
2015-01-15 12:44:46,957 INFO [org.mortbay.log]-2015-01-15 12:44:46,957 method:org.mortbay.log.Slf4jLog.info(Slf4jLog.java:67) - Started SocketConnector@0.0.0.0:8087
2015-01-15 12:46:10,554 INFO [/ddxq]-2015-01-15 12:46:10,554 method:org.mortbay.log.Slf4jLog.info(Slf4jLog.java:67) - Initializing Spring FrameworkServlet 'Spring-Dispatcher'
2015-01-15 20:04:21,160 INFO [org.mortbay.log]-2015-01-15 20:04:21,160 method:org.mortbay.log.Slf4jLog.info(Slf4jLog.java:67) - Shutdown hook executing
2015-01-15 20:04:21,163 INFO [org.mortbay.log]-2015-01-15 20:04:21,163 method:org.mortbay.log.Slf4jLog.info(Slf4jLog.java:67) - Stopped SocketConnector@0.0.0.0:8087
2015-01-15 20:04:21,164 INFO [/ddxq]-2015-01-15 20:04:21,164 method:org.mortbay.log.Slf4jLog.info(Slf4jLog.java:67) - Destroying Spring FrameworkServlet 'Spring-Dispatcher'
2015-01-15 20:04:21,173 INFO [/ddxq]-2015-01-15 20:04:21,173 method:org.mortbay.log.Slf4jLog.info(Slf4jLog.java:67) - Closing Spring root WebApplicationContext
2015-01-15 20:04:21,193 INFO [/ddxq]-2015-01-15 20:04:21,193 method:org.mortbay.log.Slf4jLog.info(Slf4jLog.java:67) - Shutting down log4j
2015-01-16 10:45:25,406 INFO [org.mortbay.log]-2015-01-16 10:45:25,406 method:org.mortbay.log.Slf4jLog.info(Slf4jLog.java:67) - Logging to org.slf4j.impl.Log4jLoggerAdapter(org.mortbay.log) via org.mortbay.log.Slf4jLog
2015-01-16 10:45:25,462 INFO [org.mortbay.log]-2015-01-16 10:45:25,462 method:org.mortbay.log.Slf4jLog.info(Slf4jLog.java:67) - jetty-6.1.26
2015-01-16 10:45:26,106 INFO [/ddxq]-2015-01-16 10:45:26,106 method:org.mortbay.log.Slf4jLog.info(Slf4jLog.java:67) - Set web app root system property: 'webapp.ddxq' = [/Users/sfdeng/Documents/dengsf/ddxq/src/main/webapp]
2015-01-16 10:45:26,108 INFO [/ddxq]-2015-01-16 10:45:26,108 method:org.mortbay.log.Slf4jLog.info(Slf4jLog.java:67) - Initializing log4j from [classpath:log4j.properties]
2015-01-16 10:45:26,112 INFO [/ddxq]-2015-01-16 10:45:26,112 method:org.mortbay.log.Slf4jLog.info(Slf4jLog.java:67) - Initializing Spring root WebApplicationContext
2015-01-16 10:45:28,256 INFO [/ddxq]-2015-01-16 10:45:28,256 method:org.mortbay.log.Slf4jLog.info(Slf4jLog.java:67) - Set web app root system property: 'webapp.ddxq' = [/Users/sfdeng/Documents/dengsf/ddxq/src/main/webapp]
2015-01-16 10:45:28,320 INFO [org.mortbay.log]-2015-01-16 10:45:28,320 method:org.mortbay.log.Slf4jLog.info(Slf4jLog.java:67) - Started SocketConnector@0.0.0.0:8087
2015-01-16 10:45:41,978 INFO [/ddxq]-2015-01-16 10:45:41,978 method:org.mortbay.log.Slf4jLog.info(Slf4jLog.java:67) - Initializing Spring FrameworkServlet 'Spring-Dispatcher'
2015-01-16 10:51:23,418 INFO [org.mortbay.log]-2015-01-16 10:51:23,418 method:org.mortbay.log.Slf4jLog.info(Slf4jLog.java:67) - Stopped SocketConnector@0.0.0.0:8087
2015-01-16 10:51:23,420 INFO [/ddxq]-2015-01-16 10:51:23,420 method:org.mortbay.log.Slf4jLog.info(Slf4jLog.java:67) - Destroying Spring FrameworkServlet 'Spring-Dispatcher'
2015-01-16 10:51:23,426 INFO [/ddxq]-2015-01-16 10:51:23,426 method:org.mortbay.log.Slf4jLog.info(Slf4jLog.java:67) - Closing Spring root WebApplicationContext
2015-01-16 10:51:23,433 INFO [/ddxq]-2015-01-16 10:51:23,433 method:org.mortbay.log.Slf4jLog.info(Slf4jLog.java:67) - Shutting down log4j
2015-01-16 11:27:33,753 INFO [org.mortbay.log]-2015-01-16 11:27:33,753 method:org.mortbay.log.Slf4jLog.info(Slf4jLog.java:67) - Logging to org.slf4j.impl.Log4jLoggerAdapter(org.mortbay.log) via org.mortbay.log.Slf4jLog
2015-01-16 11:27:33,812 INFO [org.mortbay.log]-2015-01-16 11:27:33,812 method:org.mortbay.log.Slf4jLog.info(Slf4jLog.java:67) - jetty-6.1.26
2015-01-16 11:27:34,562 INFO [/ddxq]-2015-01-16 11:27:34,562 method:org.mortbay.log.Slf4jLog.info(Slf4jLog.java:67) - Set web app root system property: 'webapp.ddxq' = [/Users/sfdeng/Documents/dengsf/ddxq/src/main/webapp]
2015-01-16 11:27:34,564 INFO [/ddxq]-2015-01-16 11:27:34,564 method:org.mortbay.log.Slf4jLog.info(Slf4jLog.java:67) - Initializing log4j from [classpath:log4j.properties]
2015-01-16 11:27:34,570 INFO [/ddxq]-2015-01-16 11:27:34,570 method:org.mortbay.log.Slf4jLog.info(Slf4jLog.java:67) - Initializing Spring root WebApplicationContext
2015-01-16 11:27:36,653 INFO [/ddxq]-2015-01-16 11:27:36,653 method:org.mortbay.log.Slf4jLog.info(Slf4jLog.java:67) - Set web app root system property: 'webapp.ddxq' = [/Users/sfdeng/Documents/dengsf/ddxq/src/main/webapp]
2015-01-16 11:27:36,700 INFO [org.mortbay.log]-2015-01-16 11:27:36,700 method:org.mortbay.log.Slf4jLog.info(Slf4jLog.java:67) - Started SocketConnector@0.0.0.0:8087
2015-01-16 11:28:33,181 INFO [/ddxq]-2015-01-16 11:28:33,181 method:org.mortbay.log.Slf4jLog.info(Slf4jLog.java:67) - Initializing Spring FrameworkServlet 'Spring-Dispatcher'
2015-01-16 12:03:07,079 INFO [org.mortbay.log]-2015-01-16 12:03:07,079 method:org.mortbay.log.Slf4jLog.info(Slf4jLog.java:67) - Logging to org.slf4j.impl.Log4jLoggerAdapter(org.mortbay.log) via org.mortbay.log.Slf4jLog
2015-01-16 12:03:07,139 INFO [org.mortbay.log]-2015-01-16 12:03:07,139 method:org.mortbay.log.Slf4jLog.info(Slf4jLog.java:67) - jetty-6.1.26
2015-01-16 12:03:07,916 INFO [/ddxq]-2015-01-16 12:03:07,916 method:org.mortbay.log.Slf4jLog.info(Slf4jLog.java:67) - Set web app root system property: 'webapp.ddxq' = [/Users/sfdeng/Documents/dengsf/ddxq/src/main/webapp]
2015-01-16 12:03:07,918 INFO [/ddxq]-2015-01-16 12:03:07,918 method:org.mortbay.log.Slf4jLog.info(Slf4jLog.java:67) - Initializing log4j from [classpath:log4j.properties]
2015-01-16 12:03:07,923 INFO [/ddxq]-2015-01-16 12:03:07,923 method:org.mortbay.log.Slf4jLog.info(Slf4jLog.java:67) - Initializing Spring root WebApplicationContext
2015-01-16 12:03:10,069 INFO [/ddxq]-2015-01-16 12:03:10,069 method:org.mortbay.log.Slf4jLog.info(Slf4jLog.java:67) - Set web app root system property: 'webapp.ddxq' = [/Users/sfdeng/Documents/dengsf/ddxq/src/main/webapp]
2015-01-16 12:03:10,114 INFO [org.mortbay.log]-2015-01-16 12:03:10,114 method:org.mortbay.log.Slf4jLog.info(Slf4jLog.java:67) - Started SocketConnector@0.0.0.0:8087
2015-01-16 12:03:18,230 INFO [/ddxq]-2015-01-16 12:03:18,230 method:org.mortbay.log.Slf4jLog.info(Slf4jLog.java:67) - Initializing Spring FrameworkServlet 'Spring-Dispatcher'
2015-01-16 14:59:04,169 INFO [org.mortbay.log]-2015-01-16 14:59:04,169 method:org.mortbay.log.Slf4jLog.info(Slf4jLog.java:67) - Shutdown hook executing
2015-01-16 14:59:04,169 INFO [org.mortbay.log]-2015-01-16 14:59:04,169 method:org.mortbay.log.Slf4jLog.info(Slf4jLog.java:67) - Stopped SocketConnector@0.0.0.0:8087
2015-01-16 14:59:04,170 INFO [/ddxq]-2015-01-16 14:59:04,170 method:org.mortbay.log.Slf4jLog.info(Slf4jLog.java:67) - Destroying Spring FrameworkServlet 'Spring-Dispatcher'
2015-01-16 14:59:04,176 INFO [/ddxq]-2015-01-16 14:59:04,176 method:org.mortbay.log.Slf4jLog.info(Slf4jLog.java:67) - Closing Spring root WebApplicationContext
2015-01-16 14:59:04,185 INFO [/ddxq]-2015-01-16 14:59:04,185 method:org.mortbay.log.Slf4jLog.info(Slf4jLog.java:67) - Shutting down log4j
2015-01-16 14:59:12,134 INFO [org.mortbay.log]-2015-01-16 14:59:12,134 method:org.mortbay.log.Slf4jLog.info(Slf4jLog.java:67) - Logging to org.slf4j.impl.Log4jLoggerAdapter(org.mortbay.log) via org.mortbay.log.Slf4jLog
2015-01-16 14:59:12,192 INFO [org.mortbay.log]-2015-01-16 14:59:12,192 method:org.mortbay.log.Slf4jLog.info(Slf4jLog.java:67) - jetty-6.1.26
2015-01-16 14:59:12,993 INFO [/ddxq]-2015-01-16 14:59:12,993 method:org.mortbay.log.Slf4jLog.info(Slf4jLog.java:67) - Set web app root system property: 'webapp.ddxq' = [/Users/sfdeng/Documents/dengsf/ddxq/src/main/webapp]
2015-01-16 14:59:12,996 INFO [/ddxq]-2015-01-16 14:59:12,996 method:org.mortbay.log.Slf4jLog.info(Slf4jLog.java:67) - Initializing log4j from [classpath:log4j.properties]
2015-01-16 14:59:13,001 INFO [/ddxq]-2015-01-16 14:59:13,001 method:org.mortbay.log.Slf4jLog.info(Slf4jLog.java:67) - Initializing Spring root WebApplicationContext
2015-01-16 14:59:15,309 INFO [/ddxq]-2015-01-16 14:59:15,309 method:org.mortbay.log.Slf4jLog.info(Slf4jLog.java:67) - Set web app root system property: 'webapp.ddxq' = [/Users/sfdeng/Documents/dengsf/ddxq/src/main/webapp]
2015-01-16 14:59:15,354 INFO [org.mortbay.log]-2015-01-16 14:59:15,354 method:org.mortbay.log.Slf4jLog.info(Slf4jLog.java:67) - Started SocketConnector@0.0.0.0:8087
2015-01-16 14:59:28,742 INFO [/ddxq]-2015-01-16 14:59:28,742 method:org.mortbay.log.Slf4jLog.info(Slf4jLog.java:67) - Initializing Spring FrameworkServlet 'Spring-Dispatcher'
2015-01-20 10:23:31,214 INFO [org.mortbay.log]-2015-01-20 10:23:31,214 method:org.mortbay.log.Slf4jLog.info(Slf4jLog.java:67) - Logging to org.slf4j.impl.Log4jLoggerAdapter(org.mortbay.log) via org.mortbay.log.Slf4jLog
2015-01-20 10:23:31,266 INFO [org.mortbay.log]-2015-01-20 10:23:31,266 method:org.mortbay.log.Slf4jLog.info(Slf4jLog.java:67) - jetty-6.1.26
2015-01-20 10:23:31,933 INFO [/ddxq]-2015-01-20 10:23:31,933 method:org.mortbay.log.Slf4jLog.info(Slf4jLog.java:67) - Set web app root system property: 'webapp.ddxq' = [/Users/xjli/workspace-new/ddxq/src/main/webapp]
2015-01-20 10:23:31,935 INFO [/ddxq]-2015-01-20 10:23:31,935 method:org.mortbay.log.Slf4jLog.info(Slf4jLog.java:67) - Initializing log4j from [classpath:log4j.properties]
2015-01-20 10:23:31,939 INFO [/ddxq]-2015-01-20 10:23:31,939 method:org.mortbay.log.Slf4jLog.info(Slf4jLog.java:67) - Initializing Spring root WebApplicationContext
2015-01-20 10:23:33,927 INFO [/ddxq]-2015-01-20 10:23:33,927 method:org.mortbay.log.Slf4jLog.info(Slf4jLog.java:67) - Set web app root system property: 'webapp.ddxq' = [/Users/xjli/workspace-new/ddxq/src/main/webapp]
2015-01-20 10:23:33,977 INFO [org.mortbay.log]-2015-01-20 10:23:33,977 method:org.mortbay.log.Slf4jLog.info(Slf4jLog.java:67) - Started SocketConnector@0.0.0.0:8087
2015-01-20 10:23:44,896 INFO [/ddxq]-2015-01-20 10:23:44,896 method:org.mortbay.log.Slf4jLog.info(Slf4jLog.java:67) - Initializing Spring FrameworkServlet 'Spring-Dispatcher'
2015-01-20 10:31:32,348 INFO [org.mortbay.log]-2015-01-20 10:31:32,348 method:org.mortbay.log.Slf4jLog.info(Slf4jLog.java:67) - Logging to org.slf4j.impl.Log4jLoggerAdapter(org.mortbay.log) via org.mortbay.log.Slf4jLog
2015-01-20 10:31:32,391 INFO [org.mortbay.log]-2015-01-20 10:31:32,391 method:org.mortbay.log.Slf4jLog.info(Slf4jLog.java:67) - jetty-6.1.26
2015-01-20 10:31:33,048 INFO [/ddxq]-2015-01-20 10:31:33,048 method:org.mortbay.log.Slf4jLog.info(Slf4jLog.java:67) - Set web app root system property: 'webapp.ddxq' = [/Users/xjli/workspace-new/ddxq/src/main/webapp]
2015-01-20 10:31:33,050 INFO [/ddxq]-2015-01-20 10:31:33,050 method:org.mortbay.log.Slf4jLog.info(Slf4jLog.java:67) - Initializing log4j from [classpath:log4j.properties]
2015-01-20 10:31:33,055 INFO [/ddxq]-2015-01-20 10:31:33,055 method:org.mortbay.log.Slf4jLog.info(Slf4jLog.java:67) - Initializing Spring root WebApplicationContext
2015-01-20 10:31:35,047 INFO [/ddxq]-2015-01-20 10:31:35,047 method:org.mortbay.log.Slf4jLog.info(Slf4jLog.java:67) - Set web app root system property: 'webapp.ddxq' = [/Users/xjli/workspace-new/ddxq/src/main/webapp]
2015-01-20 10:31:35,091 WARN [org.mortbay.log]-2015-01-20 10:31:35,091 method:org.mortbay.log.Slf4jLog.warn(Slf4jLog.java:76) - failed SocketConnector@0.0.0.0:8087: java.net.BindException: Address already in use
2015-01-20 10:31:35,092 WARN [org.mortbay.log]-2015-01-20 10:31:35,092 method:org.mortbay.log.Slf4jLog.warn(Slf4jLog.java:76) - failed Server@6a1ef618: java.net.BindException: Address already in use
2015-01-20 11:18:27,735 INFO [org.mortbay.log]-2015-01-20 11:18:27,735 method:org.mortbay.log.Slf4jLog.info(Slf4jLog.java:67) - Stopped SocketConnector@0.0.0.0:8087
2015-01-20 11:18:27,735 INFO [/ddxq]-2015-01-20 11:18:27,735 method:org.mortbay.log.Slf4jLog.info(Slf4jLog.java:67) - Destroying Spring FrameworkServlet 'Spring-Dispatcher'
2015-01-20 11:18:27,742 INFO [/ddxq]-2015-01-20 11:18:27,742 method:org.mortbay.log.Slf4jLog.info(Slf4jLog.java:67) - Closing Spring root WebApplicationContext
2015-01-20 11:18:27,750 INFO [/ddxq]-2015-01-20 11:18:27,750 method:org.mortbay.log.Slf4jLog.info(Slf4jLog.java:67) - Shutting down log4j
2015-01-20 11:18:35,850 INFO [org.mortbay.log]-2015-01-20 11:18:35,850 method:org.mortbay.log.Slf4jLog.info(Slf4jLog.java:67) - Logging to org.slf4j.impl.Log4jLoggerAdapter(org.mortbay.log) via org.mortbay.log.Slf4jLog
2015-01-20 11:18:35,896 INFO [org.mortbay.log]-2015-01-20 11:18:35,896 method:org.mortbay.log.Slf4jLog.info(Slf4jLog.java:67) - jetty-6.1.26
2015-01-20 11:18:36,610 INFO [/ddxq]-2015-01-20 11:18:36,610 method:org.mortbay.log.Slf4jLog.info(Slf4jLog.java:67) - Set web app root system property: 'webapp.ddxq' = [/Users/xjli/workspace-new/ddxq/src/main/webapp]
2015-01-20 11:18:36,613 INFO [/ddxq]-2015-01-20 11:18:36,613 method:org.mortbay.log.Slf4jLog.info(Slf4jLog.java:67) - Initializing log4j from [classpath:log4j.properties]
2015-01-20 11:18:36,625 INFO [/ddxq]-2015-01-20 11:18:36,625 method:org.mortbay.log.Slf4jLog.info(Slf4jLog.java:67) - Initializing Spring root WebApplicationContext
2015-01-20 11:18:38,624 INFO [/ddxq]-2015-01-20 11:18:38,624 method:org.mortbay.log.Slf4jLog.info(Slf4jLog.java:67) - Set web app root system property: 'webapp.ddxq' = [/Users/xjli/workspace-new/ddxq/src/main/webapp]
2015-01-20 11:18:38,674 INFO [org.mortbay.log]-2015-01-20 11:18:38,674 method:org.mortbay.log.Slf4jLog.info(Slf4jLog.java:67) - Started SocketConnector@0.0.0.0:8087
2015-01-20 11:19:32,693 INFO [/ddxq]-2015-01-20 11:19:32,693 method:org.mortbay.log.Slf4jLog.info(Slf4jLog.java:67) - Initializing Spring FrameworkServlet 'Spring-Dispatcher'
2015-01-20 11:58:39,578 INFO [org.mortbay.log]-2015-01-20 11:58:39,578 method:org.mortbay.log.Slf4jLog.info(Slf4jLog.java:67) - Logging to org.slf4j.impl.Log4jLoggerAdapter(org.mortbay.log) via org.mortbay.log.Slf4jLog
2015-01-20 11:58:39,624 INFO [org.mortbay.log]-2015-01-20 11:58:39,624 method:org.mortbay.log.Slf4jLog.info(Slf4jLog.java:67) - jetty-6.1.26
2015-01-20 11:58:40,332 INFO [/ddxq]-2015-01-20 11:58:40,332 method:org.mortbay.log.Slf4jLog.info(Slf4jLog.java:67) - Set web app root system property: 'webapp.ddxq' = [/Users/xjli/workspace-new/ddxq/src/main/webapp]
2015-01-20 11:58:40,334 INFO [/ddxq]-2015-01-20 11:58:40,334 method:org.mortbay.log.Slf4jLog.info(Slf4jLog.java:67) - Initializing log4j from [classpath:log4j.properties]
2015-01-20 11:58:40,340 INFO [/ddxq]-2015-01-20 11:58:40,340 method:org.mortbay.log.Slf4jLog.info(Slf4jLog.java:67) - Initializing Spring root WebApplicationContext
2015-01-20 11:58:42,342 INFO [/ddxq]-2015-01-20 11:58:42,342 method:org.mortbay.log.Slf4jLog.info(Slf4jLog.java:67) - Set web app root system property: 'webapp.ddxq' = [/Users/xjli/workspace-new/ddxq/src/main/webapp]
2015-01-20 11:58:42,390 WARN [org.mortbay.log]-2015-01-20 11:58:42,390 method:org.mortbay.log.Slf4jLog.warn(Slf4jLog.java:76) - failed SocketConnector@0.0.0.0:8087: java.net.BindException: Address already in use
2015-01-20 11:58:42,391 WARN [org.mortbay.log]-2015-01-20 11:58:42,391 method:org.mortbay.log.Slf4jLog.warn(Slf4jLog.java:76) - failed Server@30c1a834: java.net.BindException: Address already in use
2015-01-20 11:58:56,509 INFO [org.mortbay.log]-2015-01-20 11:58:56,509 method:org.mortbay.log.Slf4jLog.info(Slf4jLog.java:67) - Logging to org.slf4j.impl.Log4jLoggerAdapter(org.mortbay.log) via org.mortbay.log.Slf4jLog
2015-01-20 11:58:56,554 INFO [org.mortbay.log]-2015-01-20 11:58:56,554 method:org.mortbay.log.Slf4jLog.info(Slf4jLog.java:67) - jetty-6.1.26
2015-01-20 11:58:57,233 INFO [/ddxq]-2015-01-20 11:58:57,233 method:org.mortbay.log.Slf4jLog.info(Slf4jLog.java:67) - Set web app root system property: 'webapp.ddxq' = [/Users/xjli/workspace-new/ddxq/src/main/webapp]
2015-01-20 11:58:57,236 INFO [/ddxq]-2015-01-20 11:58:57,236 method:org.mortbay.log.Slf4jLog.info(Slf4jLog.java:67) - Initializing log4j from [classpath:log4j.properties]
2015-01-20 11:58:57,242 INFO [/ddxq]-2015-01-20 11:58:57,242 method:org.mortbay.log.Slf4jLog.info(Slf4jLog.java:67) - Initializing Spring root WebApplicationContext
2015-01-20 11:58:59,273 INFO [/ddxq]-2015-01-20 11:58:59,273 method:org.mortbay.log.Slf4jLog.info(Slf4jLog.java:67) - Set web app root system property: 'webapp.ddxq' = [/Users/xjli/workspace-new/ddxq/src/main/webapp]
2015-01-20 11:58:59,321 INFO [org.mortbay.log]-2015-01-20 11:58:59,321 method:org.mortbay.log.Slf4jLog.info(Slf4jLog.java:67) - Started SocketConnector@0.0.0.0:8087
2015-01-20 11:59:05,773 INFO [/ddxq]-2015-01-20 11:59:05,773 method:org.mortbay.log.Slf4jLog.info(Slf4jLog.java:67) - Initializing Spring FrameworkServlet 'Spring-Dispatcher'
2015-01-20 15:28:03,084 INFO [org.mortbay.log]-2015-01-20 15:28:03,084 method:org.mortbay.log.Slf4jLog.info(Slf4jLog.java:67) - Logging to org.slf4j.impl.Log4jLoggerAdapter(org.mortbay.log) via org.mortbay.log.Slf4jLog
2015-01-20 15:28:03,129 INFO [org.mortbay.log]-2015-01-20 15:28:03,129 method:org.mortbay.log.Slf4jLog.info(Slf4jLog.java:67) - jetty-6.1.26
2015-01-20 15:28:03,811 INFO [/ddxq]-2015-01-20 15:28:03,811 method:org.mortbay.log.Slf4jLog.info(Slf4jLog.java:67) - Set web app root system property: 'webapp.ddxq' = [/Users/xjli/workspace-new/ddxq/src/main/webapp]
2015-01-20 15:28:03,815 INFO [/ddxq]-2015-01-20 15:28:03,815 method:org.mortbay.log.Slf4jLog.info(Slf4jLog.java:67) - Initializing log4j from [classpath:log4j.properties]
2015-01-20 15:28:03,821 INFO [/ddxq]-2015-01-20 15:28:03,821 method:org.mortbay.log.Slf4jLog.info(Slf4jLog.java:67) - Initializing Spring root WebApplicationContext
2015-01-20 15:28:05,854 INFO [/ddxq]-2015-01-20 15:28:05,854 method:org.mortbay.log.Slf4jLog.info(Slf4jLog.java:67) - Set web app root system property: 'webapp.ddxq' = [/Users/xjli/workspace-new/ddxq/src/main/webapp]
2015-01-20 15:28:05,902 INFO [org.mortbay.log]-2015-01-20 15:28:05,902 method:org.mortbay.log.Slf4jLog.info(Slf4jLog.java:67) - Started SocketConnector@0.0.0.0:8087
2015-01-20 15:28:35,377 INFO [/ddxq]-2015-01-20 15:28:35,377 method:org.mortbay.log.Slf4jLog.info(Slf4jLog.java:67) - Initializing Spring FrameworkServlet 'Spring-Dispatcher'
2015-01-20 18:14:32,960 INFO [org.mortbay.log]-2015-01-20 18:14:32,960 method:org.mortbay.log.Slf4jLog.info(Slf4jLog.java:67) - Logging to org.slf4j.impl.Log4jLoggerAdapter(org.mortbay.log) via org.mortbay.log.Slf4jLog
2015-01-20 18:14:33,011 INFO [org.mortbay.log]-2015-01-20 18:14:33,011 method:org.mortbay.log.Slf4jLog.info(Slf4jLog.java:67) - jetty-6.1.26
2015-01-20 18:14:33,867 INFO [/ddxq]-2015-01-20 18:14:33,867 method:org.mortbay.log.Slf4jLog.info(Slf4jLog.java:67) - Set web app root system property: 'webapp.ddxq' = [/Users/xjli/workspace-new/ddxq/src/main/webapp]
2015-01-20 18:14:33,870 INFO [/ddxq]-2015-01-20 18:14:33,870 method:org.mortbay.log.Slf4jLog.info(Slf4jLog.java:67) - Initializing log4j from [classpath:log4j.properties]
2015-01-20 18:14:33,876 INFO [/ddxq]-2015-01-20 18:14:33,876 method:org.mortbay.log.Slf4jLog.info(Slf4jLog.java:67) - Initializing Spring root WebApplicationContext
2015-01-20 18:14:36,308 INFO [/ddxq]-2015-01-20 18:14:36,308 method:org.mortbay.log.Slf4jLog.info(Slf4jLog.java:67) - Set web app root system property: 'webapp.ddxq' = [/Users/xjli/workspace-new/ddxq/src/main/webapp]
2015-01-20 18:14:36,357 INFO [org.mortbay.log]-2015-01-20 18:14:36,357 method:org.mortbay.log.Slf4jLog.info(Slf4jLog.java:67) - Started SocketConnector@0.0.0.0:8087
2015-01-20 18:15:04,083 INFO [/ddxq]-2015-01-20 18:15:04,083 method:org.mortbay.log.Slf4jLog.info(Slf4jLog.java:67) - Initializing Spring FrameworkServlet 'Spring-Dispatcher'
2015-01-21 11:18:49,899 ERROR [com.alibaba.druid.util.JdbcUtils]-2015-01-21 11:18:49,899 method:com.alibaba.druid.util.JdbcUtils.close(JdbcUtils.java:84) - close connection error
com.mysql.jdbc.exceptions.jdbc4.MySQLNonTransientConnectionException: Communications link failure during rollback(). Transaction resolution unknown.
	at sun.reflect.NativeConstructorAccessorImpl.newInstance0(Native Method)
	at sun.reflect.NativeConstructorAccessorImpl.newInstance(NativeConstructorAccessorImpl.java:57)
	at sun.reflect.DelegatingConstructorAccessorImpl.newInstance(DelegatingConstructorAccessorImpl.java:45)
	at java.lang.reflect.Constructor.newInstance(Constructor.java:526)
	at com.mysql.jdbc.Util.handleNewInstance(Util.java:411)
	at com.mysql.jdbc.Util.getInstance(Util.java:386)
	at com.mysql.jdbc.SQLError.createSQLException(SQLError.java:1015)
	at com.mysql.jdbc.SQLError.createSQLException(SQLError.java:989)
	at com.mysql.jdbc.SQLError.createSQLException(SQLError.java:975)
	at com.mysql.jdbc.SQLError.createSQLException(SQLError.java:920)
	at com.mysql.jdbc.ConnectionImpl.rollback(ConnectionImpl.java:5062)
	at com.mysql.jdbc.ConnectionImpl.realClose(ConnectionImpl.java:4654)
	at com.mysql.jdbc.ConnectionImpl.close(ConnectionImpl.java:1630)
	at com.alibaba.druid.filter.FilterChainImpl.connection_close(FilterChainImpl.java:167)
	at com.alibaba.druid.filter.stat.StatFilter.connection_close(StatFilter.java:254)
	at com.alibaba.druid.filter.FilterChainImpl.connection_close(FilterChainImpl.java:163)
	at com.alibaba.druid.filter.stat.StatFilter.connection_close(StatFilter.java:254)
	at com.alibaba.druid.filter.FilterChainImpl.connection_close(FilterChainImpl.java:163)
	at com.alibaba.druid.proxy.jdbc.ConnectionProxyImpl.close(ConnectionProxyImpl.java:115)
	at com.alibaba.druid.util.JdbcUtils.close(JdbcUtils.java:82)
	at com.alibaba.druid.pool.DruidDataSource.discardConnection(DruidDataSource.java:967)
	at com.alibaba.druid.pool.DruidDataSource.getConnectionDirect(DruidDataSource.java:908)
	at com.alibaba.druid.filter.FilterChainImpl.dataSource_connect(FilterChainImpl.java:4534)
	at com.alibaba.druid.filter.stat.StatFilter.dataSource_getConnection(StatFilter.java:661)
	at com.alibaba.druid.filter.FilterChainImpl.dataSource_connect(FilterChainImpl.java:4530)
	at com.alibaba.druid.filter.stat.StatFilter.dataSource_getConnection(StatFilter.java:661)
	at com.alibaba.druid.filter.FilterChainImpl.dataSource_connect(FilterChainImpl.java:4530)
	at com.alibaba.druid.pool.DruidDataSource.getConnection(DruidDataSource.java:880)
	at com.alibaba.druid.pool.DruidDataSource.getConnection(DruidDataSource.java:872)
	at com.alibaba.druid.pool.DruidDataSource.getConnection(DruidDataSource.java:97)
	at org.springframework.jdbc.datasource.DataSourceUtils.doGetConnection(DataSourceUtils.java:111)
	at org.springframework.jdbc.datasource.DataSourceUtils.getConnection(DataSourceUtils.java:77)
	at org.mybatis.spring.transaction.SpringManagedTransaction.openConnection(SpringManagedTransaction.java:83)
	at org.mybatis.spring.transaction.SpringManagedTransaction.getConnection(SpringManagedTransaction.java:69)
	at org.apache.ibatis.executor.BaseExecutor.getConnection(BaseExecutor.java:271)
	at org.apache.ibatis.executor.SimpleExecutor.prepareStatement(SimpleExecutor.java:69)
	at org.apache.ibatis.executor.SimpleExecutor.doQuery(SimpleExecutor.java:56)
	at org.apache.ibatis.executor.BaseExecutor.queryFromDatabase(BaseExecutor.java:259)
	at org.apache.ibatis.executor.BaseExecutor.query(BaseExecutor.java:132)
	at org.apache.ibatis.executor.CachingExecutor.query(CachingExecutor.java:105)
	at org.apache.ibatis.executor.CachingExecutor.query(CachingExecutor.java:81)
	at org.apache.ibatis.session.defaults.DefaultSqlSession.selectList(DefaultSqlSession.java:104)
	at org.apache.ibatis.session.defaults.DefaultSqlSession.selectList(DefaultSqlSession.java:98)
	at sun.reflect.NativeMethodAccessorImpl.invoke0(Native Method)
	at sun.reflect.NativeMethodAccessorImpl.invoke(NativeMethodAccessorImpl.java:57)
	at sun.reflect.DelegatingMethodAccessorImpl.invoke(DelegatingMethodAccessorImpl.java:43)
	at java.lang.reflect.Method.invoke(Method.java:606)
	at org.mybatis.spring.SqlSessionTemplate$SqlSessionInterceptor.invoke(SqlSessionTemplate.java:358)
	at com.sun.proxy.$Proxy12.selectList(Unknown Source)
	at org.mybatis.spring.SqlSessionTemplate.selectList(SqlSessionTemplate.java:198)
	at org.apache.ibatis.binding.MapperMethod.executeForMany(MapperMethod.java:114)
	at org.apache.ibatis.binding.MapperMethod.execute(MapperMethod.java:58)
	at org.apache.ibatis.binding.MapperProxy.invoke(MapperProxy.java:43)
	at com.sun.proxy.$Proxy13.findAll(Unknown Source)
	at cn.ld.ddxq.service.base.AbstractBaseService.findAll(AbstractBaseService.java:89)
	at cn.ld.ddxq.controller.community.BindController.bindInput(BindController.java:47)
	at sun.reflect.NativeMethodAccessorImpl.invoke0(Native Method)
	at sun.reflect.NativeMethodAccessorImpl.invoke(NativeMethodAccessorImpl.java:57)
	at sun.reflect.DelegatingMethodAccessorImpl.invoke(DelegatingMethodAccessorImpl.java:43)
	at java.lang.reflect.Method.invoke(Method.java:606)
	at org.springframework.web.method.support.InvocableHandlerMethod.invoke(InvocableHandlerMethod.java:215)
	at org.springframework.web.method.support.InvocableHandlerMethod.invokeForRequest(InvocableHandlerMethod.java:132)
	at org.springframework.web.servlet.mvc.method.annotation.ServletInvocableHandlerMethod.invokeAndHandle(ServletInvocableHandlerMethod.java:104)
	at org.springframework.web.servlet.mvc.method.annotation.RequestMappingHandlerAdapter.invokeHandleMethod(RequestMappingHandlerAdapter.java:749)
	at org.springframework.web.servlet.mvc.method.annotation.RequestMappingHandlerAdapter.handleInternal(RequestMappingHandlerAdapter.java:689)
	at org.springframework.web.servlet.mvc.method.AbstractHandlerMethodAdapter.handle(AbstractHandlerMethodAdapter.java:83)
	at org.springframework.web.servlet.DispatcherServlet.doDispatch(DispatcherServlet.java:938)
	at org.springframework.web.servlet.DispatcherServlet.doService(DispatcherServlet.java:870)
	at org.springframework.web.servlet.FrameworkServlet.processRequest(FrameworkServlet.java:961)
	at org.springframework.web.servlet.FrameworkServlet.doGet(FrameworkServlet.java:852)
	at javax.servlet.http.HttpServlet.service(HttpServlet.java:707)
	at org.springframework.web.servlet.FrameworkServlet.service(FrameworkServlet.java:837)
	at javax.servlet.http.HttpServlet.service(HttpServlet.java:820)
	at org.mortbay.jetty.servlet.ServletHolder.handle(ServletHolder.java:511)
	at org.mortbay.jetty.servlet.ServletHandler$CachedChain.doFilter(ServletHandler.java:1221)
	at org.springframework.web.filter.CharacterEncodingFilter.doFilterInternal(CharacterEncodingFilter.java:88)
	at org.springframework.web.filter.OncePerRequestFilter.doFilter(OncePerRequestFilter.java:107)
	at org.mortbay.jetty.servlet.ServletHandler$CachedChain.doFilter(ServletHandler.java:1212)
	at org.mortbay.jetty.servlet.ServletHandler.handle(ServletHandler.java:399)
	at org.mortbay.jetty.security.SecurityHandler.handle(SecurityHandler.java:216)
	at org.mortbay.jetty.servlet.SessionHandler.handle(SessionHandler.java:182)
	at org.mortbay.jetty.handler.ContextHandler.handle(ContextHandler.java:766)
	at org.mortbay.jetty.webapp.WebAppContext.handle(WebAppContext.java:450)
	at org.mortbay.jetty.handler.HandlerWrapper.handle(HandlerWrapper.java:152)
	at org.mortbay.jetty.Server.handle(Server.java:326)
	at org.mortbay.jetty.HttpConnection.handleRequest(HttpConnection.java:542)
	at org.mortbay.jetty.HttpConnection$RequestHandler.headerComplete(HttpConnection.java:928)
	at org.mortbay.jetty.HttpParser.parseNext(HttpParser.java:549)
	at org.mortbay.jetty.HttpParser.parseAvailable(HttpParser.java:212)
	at org.mortbay.jetty.HttpConnection.handle(HttpConnection.java:404)
	at org.mortbay.jetty.bio.SocketConnector$Connection.run(SocketConnector.java:228)
	at org.mortbay.thread.QueuedThreadPool$PoolThread.run(QueuedThreadPool.java:582)
