0 info it worked if it ends with ok
1 verbose cli [ 'node',
1 verbose cli   '/usr/local/bin/npm',
1 verbose cli   'install',
1 verbose cli   'grunt-contrib-uglify',
1 verbose cli   '--save-dev' ]
2 info using npm@1.4.28
3 info using node@v0.10.33
4 warn package.json ddxq@0.1.0 No description
5 warn package.json ddxq@0.1.0 No repository field.
6 warn package.json ddxq@0.1.0 No README data
7 verbose readDependencies using package.json deps
8 verbose cache add [ 'grunt-contrib-uglify', null ]
9 verbose cache add name=undefined spec="grunt-contrib-uglify" args=["grunt-contrib-uglify",null]
10 verbose parsed url { protocol: null,
10 verbose parsed url   slashes: null,
10 verbose parsed url   auth: null,
10 verbose parsed url   host: null,
10 verbose parsed url   port: null,
10 verbose parsed url   hostname: null,
10 verbose parsed url   hash: null,
10 verbose parsed url   search: null,
10 verbose parsed url   query: null,
10 verbose parsed url   pathname: 'grunt-contrib-uglify',
10 verbose parsed url   path: 'grunt-contrib-uglify',
10 verbose parsed url   href: 'grunt-contrib-uglify' }
11 silly lockFile 9dabf0fb-grunt-contrib-uglify grunt-contrib-uglify
12 verbose lock grunt-contrib-uglify /Users/sfdeng/.npm/9dabf0fb-grunt-contrib-uglify.lock
13 silly lockFile 9dabf0fb-grunt-contrib-uglify grunt-contrib-uglify
14 silly lockFile 9dabf0fb-grunt-contrib-uglify grunt-contrib-uglify
15 verbose addNamed [ 'grunt-contrib-uglify', '' ]
16 verbose addNamed [ null, '*' ]
17 silly lockFile 1f4692e4-grunt-contrib-uglify grunt-contrib-uglify@
18 verbose lock grunt-contrib-uglify@ /Users/sfdeng/.npm/1f4692e4-grunt-contrib-uglify.lock
19 silly addNameRange { name: 'grunt-contrib-uglify', range: '*', hasData: false }
20 verbose request where is /grunt-contrib-uglify
21 verbose request registry https://registry.npmjs.org/
22 verbose request id d7237266bd57fc41
23 verbose url raw /grunt-contrib-uglify
24 verbose url resolving [ 'https://registry.npmjs.org/', './grunt-contrib-uglify' ]
25 verbose url resolved https://registry.npmjs.org/grunt-contrib-uglify
26 verbose request where is https://registry.npmjs.org/grunt-contrib-uglify
27 info trying registry request attempt 1 at 16:17:21
28 verbose etag "1XM55RI59L7G9DTQN66N8WH3W"
29 http GET https://registry.npmjs.org/grunt-contrib-uglify
30 http 304 https://registry.npmjs.org/grunt-contrib-uglify
31 silly registry.get cb [ 304,
31 silly registry.get   { date: 'Thu, 15 Jan 2015 08:16:04 GMT',
31 silly registry.get     server: 'Apache',
31 silly registry.get     via: '1.1 varnish',
31 silly registry.get     'last-modified': 'Thu, 15 Jan 2015 08:15:13 GMT',
31 silly registry.get     'cache-control': 'max-age=60',
31 silly registry.get     etag: '"1XM55RI59L7G9DTQN66N8WH3W"',
31 silly registry.get     age: '51',
31 silly registry.get     'x-served-by': 'cache-ty68-TYO',
31 silly registry.get     'x-cache': 'HIT',
31 silly registry.get     'x-cache-hits': '3',
31 silly registry.get     'x-timer': 'S1421309764.382874,VS0,VE0',
31 silly registry.get     vary: 'Accept',
31 silly registry.get     'content-length': '0',
31 silly registry.get     'keep-alive': 'timeout=10, max=50',
31 silly registry.get     connection: 'Keep-Alive' } ]
32 verbose etag https://registry.npmjs.org/grunt-contrib-uglify from cache
33 silly addNameRange number 2 { name: 'grunt-contrib-uglify', range: '*', hasData: true }
34 silly addNameRange versions [ 'grunt-contrib-uglify',
34 silly addNameRange   [ '0.1.0',
34 silly addNameRange     '0.1.1',
34 silly addNameRange     '0.1.2',
34 silly addNameRange     '0.2.0',
34 silly addNameRange     '0.2.1',
34 silly addNameRange     '0.2.2',
34 silly addNameRange     '0.2.3',
34 silly addNameRange     '0.2.4',
34 silly addNameRange     '0.2.5',
34 silly addNameRange     '0.2.6',
34 silly addNameRange     '0.2.7',
34 silly addNameRange     '0.3.0',
34 silly addNameRange     '0.3.1',
34 silly addNameRange     '0.1.1-rc5',
34 silly addNameRange     '0.1.1-rc6',
34 silly addNameRange     '0.3.2',
34 silly addNameRange     '0.3.3',
34 silly addNameRange     '0.4.0',
34 silly addNameRange     '0.5.0',
34 silly addNameRange     '0.4.1',
34 silly addNameRange     '0.5.1',
34 silly addNameRange     '0.6.0',
34 silly addNameRange     '0.7.0' ] ]
35 verbose addNamed [ 'grunt-contrib-uglify', '0.7.0' ]
36 verbose addNamed [ '0.7.0', '0.7.0' ]
37 silly lockFile 0707808c-grunt-contrib-uglify-0-7-0 grunt-contrib-uglify@0.7.0
38 verbose lock grunt-contrib-uglify@0.7.0 /Users/sfdeng/.npm/0707808c-grunt-contrib-uglify-0-7-0.lock
39 silly lockFile 263c708a-y-grunt-contrib-uglify-0-7-0-tgz https://registry.npmjs.org/grunt-contrib-uglify/-/grunt-contrib-uglify-0.7.0.tgz
40 verbose lock https://registry.npmjs.org/grunt-contrib-uglify/-/grunt-contrib-uglify-0.7.0.tgz /Users/sfdeng/.npm/263c708a-y-grunt-contrib-uglify-0-7-0-tgz.lock
41 verbose addRemoteTarball [ 'https://registry.npmjs.org/grunt-contrib-uglify/-/grunt-contrib-uglify-0.7.0.tgz',
41 verbose addRemoteTarball   '79dde81a62cec6ffa35b47a32833706744f8e787' ]
42 info retry fetch attempt 1 at 16:17:23
43 verbose fetch to= /var/folders/y2/qqr20q893g18vbz76q55hm_dr_yz08/T/npm-80931-jWBy0aUL/registry.npmjs.org/grunt-contrib-uglify/-/grunt-contrib-uglify-0.7.0.tgz
44 http GET https://registry.npmjs.org/grunt-contrib-uglify/-/grunt-contrib-uglify-0.7.0.tgz
45 http 200 https://registry.npmjs.org/grunt-contrib-uglify/-/grunt-contrib-uglify-0.7.0.tgz
46 silly lockFile 263c708a-y-grunt-contrib-uglify-0-7-0-tgz https://registry.npmjs.org/grunt-contrib-uglify/-/grunt-contrib-uglify-0.7.0.tgz
47 silly lockFile 263c708a-y-grunt-contrib-uglify-0-7-0-tgz https://registry.npmjs.org/grunt-contrib-uglify/-/grunt-contrib-uglify-0.7.0.tgz
48 silly lockFile 0707808c-grunt-contrib-uglify-0-7-0 grunt-contrib-uglify@0.7.0
49 silly lockFile 0707808c-grunt-contrib-uglify-0-7-0 grunt-contrib-uglify@0.7.0
50 silly lockFile 1f4692e4-grunt-contrib-uglify grunt-contrib-uglify@
51 silly lockFile 1f4692e4-grunt-contrib-uglify grunt-contrib-uglify@
52 error Error: EACCES, mkdir '/Users/sfdeng/.npm/grunt-contrib-uglify/0.7.0'
52 error  { [Error: EACCES, mkdir '/Users/sfdeng/.npm/grunt-contrib-uglify/0.7.0']
52 error   errno: 3,
52 error   code: 'EACCES',
52 error   path: '/Users/sfdeng/.npm/grunt-contrib-uglify/0.7.0',
52 error   parent: 'ddxq' }
53 error Please try running this command again as root/Administrator.
54 error System Darwin 14.0.0
55 error command "node" "/usr/local/bin/npm" "install" "grunt-contrib-uglify" "--save-dev"
56 error cwd /Users/sfdeng/Documents/dengsf/ddxq/src/main/webapp/static
57 error node -v v0.10.33
58 error npm -v 1.4.28
59 error path /Users/sfdeng/.npm/grunt-contrib-uglify/0.7.0
60 error code EACCES
61 error errno 3
62 error stack Error: EACCES, mkdir '/Users/sfdeng/.npm/grunt-contrib-uglify/0.7.0'
63 verbose exit [ 3, true ]
